[2026-03-08 07:28:05] [STARTUP] New blockchain created
[2026-03-08 07:28:15] [ELECTION] Election 'election_2026' created | candidates: ['Mahmoud Esmat', 'Heba Mostafa', 'Ahmed Sabry', 'Ali Mahmoud']
[2026-03-08 07:29:45] [PEER] Node registered: http://localhost:5001
[2026-03-08 07:29:55] [PEER] Node registered: http://localhost:5002
[2026-03-08 07:30:05] [ADMIN] Auto-mine enabled (interval=60s)
[2026-03-08 23:33:42] [VOTE] Election=election_2026 | Candidate=Mahmoud Esmat | Hash=8c6de299219f06f873f72f11b8f95ddf...
[2026-03-08 23:36:52] [CONSENSUS] Chain synced with peers
[2026-03-08 23:37:02] [MINE] Block #1 mined | Hash=000335e2df44be66d7be2f22b03c... | Txs=8 | Nonce=5429
[2026-03-09 00:24:19] [VOTE] Election=election_2026 | Candidate=Heba Mostafa | Hash=9a05e566b236f30743718e2d9052d9d9...
[2026-03-09 01:14:56] [VOTE] Election=election_2026 | Candidate=Ahmed Sabry | Hash=2a11cd7f1c6718cf4d8e38c8fc72893a...
[2026-03-09 02:05:33] [VOTE] Election=election_2026 | Candidate=Mahmoud Esmat | Hash=57defb8d638424dffce9fde697ab7c52...
[2026-03-09 02:56:10] [VOTE] Election=election_2026 | Candidate=Ali Mahmoud | Hash=991b6a23e567b8b368c0c5041f4163ed...
[2026-03-09 03:46:47] [VOTE] Election=election_2026 | Candidate=Mahmoud Esmat | Hash=e60c6ff541c7fa39280fdcf38f0f2d22...
[2026-03-09 04:37:24] [VOTE] Election=election_2026 | Candidate=Heba Mostafa | Hash=9697e95f245358abe7ec4dd47bf3ada7...
[2026-03-09 05:28:01] [VOTE] Election=election_2026 | Candidate=Ahmed Sabry | Hash=84b1830798a1f6d90cab375c4152432a...
[2026-03-09 06:18:38] [VOTE] Election=election_2026 | Candidate=Mahmoud Esmat | Hash=495875d4e2f38a83b712bd9f78458fef...
[2026-03-09 06:21:48] [CONSENSUS] Chain synced with peers
[2026-03-09 06:21:58] [MINE] Block #2 mined | Hash=000f5cae15809910efc253b06976... | Txs=8 | Nonce=531
[2026-03-09 07:09:15] [VOTE] Election=election_2026 | Candidate=Ahmed Sabry | Hash=151224b7554f66ef49bafdc8eb3164e5...
[2026-03-09 07:59:52] [VOTE] Election=election_2026 | Candidate=Heba Mostafa | Hash=41321453893357662903f8053cfe2a2f...
[2026-03-09 08:50:29] [VOTE] Election=election_2026 | Candidate=Ali Mahmoud | Hash=081f02e7f26eb1cb37d59c9644b01677...
[2026-03-09 09:41:06] [VOTE] Election=election_2026 | Candidate=Mahmoud Esmat | Hash=8be843216918c4a9d90fc4bbb4ffa40a...
[2026-03-09 10:31:43] [VOTE] Election=election_2026 | Candidate=Heba Mostafa | Hash=118e7c53e95b7f5319f47133e05ade70...
[2026-03-09 11:22:20] [VOTE] Election=election_2026 | Candidate=Ahmed Sabry | Hash=da01bb3fc6a969993a177fea8ab09efc...
[2026-03-09 12:12:57] [VOTE] Election=election_2026 | Candidate=Mahmoud Esmat | Hash=c4aac3f118bbea9da20ee2ee9dbbdb03...
[2026-03-09 13:03:34] [VOTE] Election=election_2026 | Candidate=Ali Mahmoud | Hash=1b7b8e758ddd282d5db4aac42d663e43...
[2026-03-09 13:06:44] [CONSENSUS] Chain synced with peers
[2026-03-09 13:06:54] [MINE] Block #3 mined | Hash=000a3c31e59d8607fd9ac744a95d... | Txs=8 | Nonce=14981
[2026-03-09 13:54:11] [VOTE] Election=election_2026 | Candidate=Mahmoud Esmat | Hash=a74bfa7615c762121fab0aca00a0c496...
[2026-03-09 23:44:48] [VOTE] Election=election_2026 | Candidate=Heba Mostafa | Hash=2da9af6149d3dc8bf4165a1cee627f30...
[2026-03-10 00:26:19] [VOTE] Election=election_2026 | Candidate=Ahmed Sabry | Hash=3ee0714f3cd30ef2d59741df7984333b...
[2026-03-10 01:07:50] [VOTE] Election=election_2026 | Candidate=Mahmoud Esmat | Hash=715f306428ce72fbb912fef1375c7b56...
[2026-03-10 01:49:21] [VOTE] Election=election_2026 | Candidate=Ali Mahmoud | Hash=ccac1b9b6b4426ce2dc128dfef81f1a4...
[2026-03-10 02:30:52] [VOTE] Election=election_2026 | Candidate=Heba Mostafa | Hash=8f8f47ad8c6ab294ab6f4a1d9149d296...
[2026-03-10 03:12:23] [VOTE] Election=election_2026 | Candidate=Mahmoud Esmat | Hash=99fdb80934a79f479c1c5c4d2f4eee4b...
[2026-03-10 03:53:54] [VOTE] Election=election_2026 | Candidate=Ahmed Sabry | Hash=089a327723b974f6167add2c3d7abf09...
[2026-03-10 03:57:04] [CONSENSUS] Chain synced with peers
[2026-03-10 03:57:14] [MINE] Block #4 mined | Hash=0004c448b4ae511f87ec1a2154ea... | Txs=8 | Nonce=1456
[2026-03-10 04:35:25] [VOTE] Election=election_2026 | Candidate=Heba Mostafa | Hash=6c48d9fde17c0d14649b93a24a157e51...
[2026-03-10 05:16:56] [VOTE] Election=election_2026 | Candidate=Mahmoud Esmat | Hash=ca11e7eb90560dca4f116f50c00cfd7b...
[2026-03-10 05:58:27] [VOTE] Election=election_2026 | Candidate=Ali Mahmoud | Hash=63092b6a8e22a7e4a0d2737e3c7cf34d...
[2026-03-10 06:39:58] [VOTE] Election=election_2026 | Candidate=Ahmed Sabry | Hash=769fe9dc8bf2bc0fd9b6e632899d0e1f...
[2026-03-10 07:21:29] [VOTE] Election=election_2026 | Candidate=Mahmoud Esmat | Hash=8b2a2e0b43754d4bfaf5adf0272361b0...
[2026-03-10 08:03:00] [VOTE] Election=election_2026 | Candidate=Mahmoud Esmat | Hash=727055516eed0243e98a24b69a9d3895...
[2026-03-10 08:44:31] [VOTE] Election=election_2026 | Candidate=Heba Mostafa | Hash=b145d004a742529b9ec66163d63af71a...
[2026-03-10 09:26:02] [VOTE] Election=election_2026 | Candidate=Ahmed Sabry | Hash=5716646738840fb5bdf4b18f563abd5e...
[2026-03-10 09:29:12] [CONSENSUS] Chain synced with peers
[2026-03-10 09:29:22] [MINE] Block #5 mined | Hash=000003c96c095fde46aa233e6d01... | Txs=8 | Nonce=3159
[2026-03-10 10:07:33] [VOTE] Election=election_2026 | Candidate=Mahmoud Esmat | Hash=68aabf896b7ca6f9b40d0c675e8d8df3...
[2026-03-10 10:49:04] [VOTE] Election=election_2026 | Candidate=Ali Mahmoud | Hash=ad7c64ca9713667fee73aeabe245735e...
[2026-03-10 11:30:35] [VOTE] Election=election_2026 | Candidate=Mahmoud Esmat | Hash=e75451520ef3083972d5fa7a43fb384a...
[2026-03-10 12:12:06] [VOTE] Election=election_2026 | Candidate=Heba Mostafa | Hash=ab98640abcadcf75f3513610f3d1eac2...
[2026-03-10 12:53:37] [VOTE] Election=election_2026 | Candidate=Ahmed Sabry | Hash=38eb7db22592c2da30f84a24d15df230...
[2026-03-10 13:35:08] [VOTE] Election=election_2026 | Candidate=Mahmoud Esmat | Hash=128ac4ab68e744f5728cbe234fabea94...
[2026-03-10 14:16:39] [VOTE] Election=election_2026 | Candidate=Ahmed Sabry | Hash=cc086542ea2855ae4fdd6bebe5119e9a...
[2026-03-10 23:58:22] [VOTE] Election=election_2026 | Candidate=Heba Mostafa | Hash=bf467633dd9dc5fd4e52c40051d2878c...
[2026-03-11 00:01:32] [CONSENSUS] Chain synced with peers
[2026-03-11 00:01:42] [MINE] Block #6 mined | Hash=000d42563554f34f6f3caf36a15b... | Txs=8 | Nonce=1841
[2026-03-11 00:28:59] [VOTE] Election=election_2026 | Candidate=Ali Mahmoud | Hash=e45f18a22f423ea67cba352dc089f9ea...
[2026-03-11 00:59:36] [VOTE] Election=election_2026 | Candidate=Mahmoud Esmat | Hash=2eec7bbc42e3c4357f6cf4cff2c6c450...
[2026-03-11 01:30:13] [VOTE] Election=election_2026 | Candidate=Heba Mostafa | Hash=d0050849075b2880995b50306edc5d4e...
[2026-03-11 02:00:50] [VOTE] Election=election_2026 | Candidate=Ahmed Sabry | Hash=1757e64e43106f361a33b32c395e06f1...
[2026-03-11 02:31:27] [VOTE] Election=election_2026 | Candidate=Mahmoud Esmat | Hash=431013c9291480c658e0799706973522...
[2026-03-11 03:02:04] [VOTE] Election=election_2026 | Candidate=Ali Mahmoud | Hash=d4e948c4f7d2c8ab67a96da0a9ed45a0...
[2026-03-11 03:32:41] [VOTE] Election=election_2026 | Candidate=Mahmoud Esmat | Hash=0e8a1e5d16e6ec05e377146cec0220d8...
[2026-03-11 03:33:18] [VOTE] Election=election_2026 | Candidate=Heba Mostafa | Hash=0bfddb9ebfc6c907d595b4a8929ee4b1...
[2026-03-11 03:36:28] [CONSENSUS] Chain synced with peers
[2026-03-11 03:36:38] [MINE] Block #7 mined | Hash=000c188d16de77fe883a26b0e20e... | Txs=8 | Nonce=458
[2026-03-11 04:03:55] [VOTE] Election=election_2026 | Candidate=Ahmed Sabry | Hash=6319a1fc56e1a6089477614ba7fefe18...
[2026-03-11 04:34:32] [VOTE] Election=election_2026 | Candidate=Mahmoud Esmat | Hash=aaa57342e051b018d4074a7fee0ce4b2...
[2026-03-11 05:05:09] [VOTE] Election=election_2026 | Candidate=Ali Mahmoud | Hash=de28792c67613576af3c7bb4d6b779d4...
[2026-03-11 05:35:46] [VOTE] Election=election_2026 | Candidate=Heba Mostafa | Hash=f62d36d11ccbc0c6e81a91d0271afc16...
[2026-03-11 06:06:23] [VOTE] Election=election_2026 | Candidate=Mahmoud Esmat | Hash=e466d9a2d84c73191a8320724b599478...
[2026-03-11 06:37:00] [VOTE] Election=election_2026 | Candidate=Ahmed Sabry | Hash=58fa57b98cd358338ab9ff6498ab912d...
[2026-03-11 07:07:37] [VOTE] Election=election_2026 | Candidate=Heba Mostafa | Hash=7fa41802af985cf847b921b91858fcce...
[2026-03-11 07:38:14] [VOTE] Election=election_2026 | Candidate=Mahmoud Esmat | Hash=a35594222048aa813d107fefadb668df...
[2026-03-11 07:41:24] [CONSENSUS] Chain synced with peers
[2026-03-11 07:41:34] [MINE] Block #8 mined | Hash=000d6341ae31c16e997f35e8dc75... | Txs=8 | Nonce=10054
[2026-03-11 08:08:51] [VOTE] Election=election_2026 | Candidate=Ali Mahmoud | Hash=38b4a04518ce11255cb302f9c554a3c8...
[2026-03-11 08:39:28] [VOTE] Election=election_2026 | Candidate=Ahmed Sabry | Hash=767327bad1370b2a90aef3bbf9518206...
[2026-03-11 09:10:05] [VOTE] Election=election_2026 | Candidate=Mahmoud Esmat | Hash=98aa1b0d8e44f0eedde5e61539281835...
[2026-03-11 09:40:42] [VOTE] Election=election_2026 | Candidate=Mahmoud Esmat | Hash=9f7415a1334d6ac4b7701564c7a8912d...
[2026-03-11 10:11:19] [VOTE] Election=election_2026 | Candidate=Heba Mostafa | Hash=28575b2634d62e298feff2a3f4da0c6d...
[2026-03-11 10:41:56] [VOTE] Election=election_2026 | Candidate=Ahmed Sabry | Hash=f75f5271bea55c016dc17f25b40ad602...
[2026-03-11 11:12:33] [VOTE] Election=election_2026 | Candidate=Mahmoud Esmat | Hash=df6a9f066705dcc8019f6562f0cdaaf0...
[2026-03-11 11:43:10] [VOTE] Election=election_2026 | Candidate=Ali Mahmoud | Hash=ce09d076e165be77c5204a6528fd5233...
[2026-03-11 11:46:20] [CONSENSUS] Chain synced with peers
[2026-03-11 11:46:30] [MINE] Block #9 mined | Hash=000b043cfa1b25a4eb13fa56711a... | Txs=8 | Nonce=1764
[2026-03-11 12:13:47] [VOTE] Election=election_2026 | Candidate=Mahmoud Esmat | Hash=c270c44e0069d0bcbc86584b200aca94...
[2026-03-11 12:44:24] [VOTE] Election=election_2026 | Candidate=Heba Mostafa | Hash=18ceff5624f64b123b27e2c7f7a34810...
[2026-03-11 13:15:01] [VOTE] Election=election_2026 | Candidate=Ahmed Sabry | Hash=360af594427ed5eb00df6e12a860ced2...
[2026-03-11 13:45:38] [VOTE] Election=election_2026 | Candidate=Mahmoud Esmat | Hash=b2fd68c63a02a60ed7add481761e55f1...
[2026-03-11 14:16:15] [VOTE] Election=election_2026 | Candidate=Ahmed Sabry | Hash=390997b679405ede70866101a5ae1a44...
[2026-03-11 23:44:44] [VOTE] Election=election_2026 | Candidate=Heba Mostafa | Hash=4b64d25e3b8e6991cf528e6645bfdd80...
[2026-03-12 00:17:29] [VOTE] Election=election_2026 | Candidate=Ali Mahmoud | Hash=342ebb192f3334ac0d8d33594f0fcd76...
[2026-03-12 00:50:14] [VOTE] Election=election_2026 | Candidate=Mahmoud Esmat | Hash=9cd58cd1b628bed480aa439aa1c17954...
[2026-03-12 00:53:24] [CONSENSUS] Chain synced with peers
[2026-03-12 00:53:34] [MINE] Block #10 mined | Hash=00004095f08edfc6b94250199f61... | Txs=8 | Nonce=13035
[2026-03-12 01:22:59] [VOTE] Election=election_2026 | Candidate=Heba Mostafa | Hash=c54c4d2e97344ac019a063e448b6f3eb...
[2026-03-12 01:55:44] [VOTE] Election=election_2026 | Candidate=Ahmed Sabry | Hash=f48653b58fd912541885e0f72f80f28a...
[2026-03-12 02:28:29] [VOTE] Election=election_2026 | Candidate=Mahmoud Esmat | Hash=19ee3285f4960af7cc086fd1429d5b35...
[2026-03-12 03:01:14] [VOTE] Election=election_2026 | Candidate=Ali Mahmoud | Hash=bc96a5c2b7c7fe18af67eb1ed1dbed57...
[2026-03-12 03:33:59] [VOTE] Election=election_2026 | Candidate=Mahmoud Esmat | Hash=4a4f2f614b2e45c636c377be852c8254...
[2026-03-12 04:06:44] [VOTE] Election=election_2026 | Candidate=Heba Mostafa | Hash=0e832f38cb5cb626cf7002e259798893...
[2026-03-12 04:39:29] [VOTE] Election=election_2026 | Candidate=Ahmed Sabry | Hash=9ec8eb769779892967ecccbb25d5308f...
[2026-03-12 05:12:14] [VOTE] Election=election_2026 | Candidate=Mahmoud Esmat | Hash=afaf5056a54297ee6e4e12ef00841001...
[2026-03-12 05:15:24] [CONSENSUS] Chain synced with peers
[2026-03-12 05:15:34] [MINE] Block #11 mined | Hash=000223fda0ab4a106de4d3557764... | Txs=8 | Nonce=704
[2026-03-12 05:44:59] [VOTE] Election=election_2026 | Candidate=Ali Mahmoud | Hash=b3fe28a3982347ad36c573d3996301db...
[2026-03-12 06:17:44] [VOTE] Election=election_2026 | Candidate=Heba Mostafa | Hash=8e64ae7942a193fbcfa72efc07f53dd3...
[2026-03-12 06:50:29] [VOTE] Election=election_2026 | Candidate=Mahmoud Esmat | Hash=65c3ee0703a042569ff8db43cfa25086...
[2026-03-12 07:23:14] [VOTE] Election=election_2026 | Candidate=Ahmed Sabry | Hash=2da2f00017339753cdcf2201aea2039e...
[2026-03-12 07:55:59] [VOTE] Election=election_2026 | Candidate=Heba Mostafa | Hash=c5cd68af62f0dc6701e99dc8cdc96c41...
[2026-03-12 08:28:44] [VOTE] Election=election_2026 | Candidate=Mahmoud Esmat | Hash=57793e8c8d0a9c82fbd0f755f6f8aa19...
[2026-03-12 09:01:29] [VOTE] Election=election_2026 | Candidate=Ali Mahmoud | Hash=b2c3759aabe86c809975f8cb2fef8a2a...
[2026-03-12 09:34:14] [VOTE] Election=election_2026 | Candidate=Ahmed Sabry | Hash=199c66717d9f1256e7e2e93e2234ebcd...
[2026-03-12 09:37:24] [CONSENSUS] Chain synced with peers
[2026-03-12 09:37:34] [MINE] Block #12 mined | Hash=0002bf08dc3a4458f52ab4f296e2... | Txs=8 | Nonce=2824
[2026-03-12 10:06:59] [VOTE] Election=election_2026 | Candidate=Mahmoud Esmat | Hash=469dd4e6a82d5137b7f6fc92b22f496e...
[2026-03-12 10:39:44] [VOTE] Election=election_2026 | Candidate=Mahmoud Esmat | Hash=bbe278aae62259d91d89ac3d6a2fe88c...
[2026-03-12 11:12:29] [VOTE] Election=election_2026 | Candidate=Heba Mostafa | Hash=f91946b340d70275643ea8f6dcb3abfe...
[2026-03-12 11:45:14] [VOTE] Election=election_2026 | Candidate=Ahmed Sabry | Hash=d732a062b5acb89b072bcd02a56c6607...
[2026-03-12 12:17:59] [VOTE] Election=election_2026 | Candidate=Mahmoud Esmat | Hash=d4b78363d4f17619efa52dac2752263f...
[2026-03-12 12:50:44] [VOTE] Election=election_2026 | Candidate=Ali Mahmoud | Hash=885170f68949fc5574c4f01d8921cf62...
[2026-03-12 13:23:29] [VOTE] Election=election_2026 | Candidate=Mahmoud Esmat | Hash=487b485b60d002791f9c1d1803f010f2...
[2026-03-12 13:56:14] [VOTE] Election=election_2026 | Candidate=Heba Mostafa | Hash=450dc5f52cc5feef7065d0b49121011c...
[2026-03-12 13:59:24] [CONSENSUS] Chain synced with peers
[2026-03-12 13:59:34] [MINE] Block #13 mined | Hash=0006ef322a2debcdcd570b62b9cb... | Txs=8 | Nonce=1677
[2026-03-12 14:28:59] [VOTE] Election=election_2026 | Candidate=Ahmed Sabry | Hash=a4a5aac104ef3c342d3bddb8bcd0f6a0...
[2026-03-12 23:58:08] [VOTE] Election=election_2026 | Candidate=Mahmoud Esmat | Hash=10a4764c7d16624285ba2387b0789600...
[2026-03-13 00:34:45] [VOTE] Election=election_2026 | Candidate=Ahmed Sabry | Hash=c372e83c1c360aaf8a80ba1ef97d9910...
[2026-03-13 01:11:22] [VOTE] Election=election_2026 | Candidate=Heba Mostafa | Hash=9a86234ef6918ab68fce54b88da6ed01...
[2026-03-13 01:47:59] [VOTE] Election=election_2026 | Candidate=Ali Mahmoud | Hash=bebb850837c61191edf50a6a01accc1a...
[2026-03-13 02:24:36] [VOTE] Election=election_2026 | Candidate=Mahmoud Esmat | Hash=c62bec68f37476f0c3a70d97349c463a...
[2026-03-13 03:01:13] [VOTE] Election=election_2026 | Candidate=Heba Mostafa | Hash=5eea04879f2bfff7e6436d641a9ceb87...
[2026-03-13 03:37:50] [VOTE] Election=election_2026 | Candidate=Ahmed Sabry | Hash=eea7debd974ab6029e9482cf63ecd678...
[2026-03-13 03:41:00] [CONSENSUS] Chain synced with peers
[2026-03-13 03:41:10] [MINE] Block #14 mined | Hash=000cc0578be7e11ed2f072de246d... | Txs=8 | Nonce=7436
[2026-03-13 04:14:27] [VOTE] Election=election_2026 | Candidate=Mahmoud Esmat | Hash=0fb3271a3b8536a64aa4c6a7db859fdb...
[2026-03-13 04:51:04] [VOTE] Election=election_2026 | Candidate=Ali Mahmoud | Hash=9461f64f095bf3a919998364a43f524d...
[2026-03-13 05:27:41] [VOTE] Election=election_2026 | Candidate=Mahmoud Esmat | Hash=1920308d43464fbe74bbd97986529419...
[2026-03-13 06:04:18] [VOTE] Election=election_2026 | Candidate=Heba Mostafa | Hash=9dcda8066a8adaf30f65a540b2d26288...
[2026-03-13 06:40:55] [VOTE] Election=election_2026 | Candidate=Ahmed Sabry | Hash=778baff032c28140ff0884311d723d10...
[2026-03-13 07:17:32] [VOTE] Election=election_2026 | Candidate=Mahmoud Esmat | Hash=61cd0557eabbd679adde4e2cc2b2507e...
[2026-03-13 07:54:09] [VOTE] Election=election_2026 | Candidate=Ali Mahmoud | Hash=ccb3ff66ea2d8a84e852d556de63e95e...
[2026-03-13 08:30:46] [VOTE] Election=election_2026 | Candidate=Heba Mostafa | Hash=545e73f6ac1d5888b0a4c0e39100a096...
[2026-03-13 08:33:56] [CONSENSUS] Chain synced with peers
[2026-03-13 08:34:06] [MINE] Block #15 mined | Hash=0006c0252fef43feff3fef6b7df3... | Txs=8 | Nonce=1041
[2026-03-13 09:07:23] [VOTE] Election=election_2026 | Candidate=Mahmoud Esmat | Hash=efc27dbbcb49f7ecc18ffba319cc8a3b...
[2026-03-13 09:44:00] [VOTE] Election=election_2026 | Candidate=Ahmed Sabry | Hash=922c0f2c4a108c8f77f14f5c126d43df...
[2026-03-13 10:20:37] [VOTE] Election=election_2026 | Candidate=Heba Mostafa | Hash=4763b440266e0ec82fd1cad97f54b8e6...
[2026-03-13 10:21:14] [VOTE] Election=election_2026 | Candidate=Mahmoud Esmat | Hash=f6c8f85a45365b22a70a5f20e11d3eaf...
[2026-03-13 10:57:51] [VOTE] Election=election_2026 | Candidate=Ali Mahmoud | Hash=08b1d1943933ce84c37c28a9528265d3...
[2026-03-13 11:34:28] [VOTE] Election=election_2026 | Candidate=Ahmed Sabry | Hash=cf2f68030bd94ee56a1cb3de4dc6ab84...
[2026-03-13 12:11:05] [VOTE] Election=election_2026 | Candidate=Mahmoud Esmat | Hash=1ff68460e7353886f93bf481502dabd5...
[2026-03-13 12:47:42] [VOTE] Election=election_2026 | Candidate=Mahmoud Esmat | Hash=7cdb946833a65046b2fa4aecf7522eb6...
[2026-03-13 12:50:52] [CONSENSUS] Chain synced with peers
[2026-03-13 12:51:02] [MINE] Block #16 mined | Hash=0007fe7d6c9ca0bece0fc6d883d1... | Txs=8 | Nonce=11977
[2026-03-13 13:24:19] [VOTE] Election=election_2026 | Candidate=Heba Mostafa | Hash=31fc2e3cbfd15af9ecb30576998cb5c5...
[2026-03-13 14:00:56] [VOTE] Election=election_2026 | Candidate=Ahmed Sabry | Hash=2e881947a03aa045956971cf375ff3b8...
[2026-03-14 00:02:11] [VOTE] Election=election_2026 | Candidate=Mahmoud Esmat | Hash=d0be470f799683ac285eabaa4b28bb57...
[2026-03-14 00:50:10] [VOTE] Election=election_2026 | Candidate=Ali Mahmoud | Hash=aec74203d69120c60bd3c8e3aa2f2f44...
[2026-03-14 01:38:09] [VOTE] Election=election_2026 | Candidate=Mahmoud Esmat | Hash=078b3803381b053b4da51c6a90f91686...
[2026-03-14 02:26:08] [VOTE] Election=election_2026 | Candidate=Heba Mostafa | Hash=971a24df18aa44cc4d82ec3dbafe273a...
[2026-03-14 03:14:07] [VOTE] Election=election_2026 | Candidate=Ahmed Sabry | Hash=c8d0064c32fcf163934cf44cbfa2cde0...
[2026-03-14 04:02:06] [VOTE] Election=election_2026 | Candidate=Mahmoud Esmat | Hash=ddf9acda37f9a88540668d0c114ead7e...
[2026-03-14 04:05:16] [CONSENSUS] Chain synced with peers
[2026-03-14 04:05:26] [MINE] Block #17 mined | Hash=000a1a0020b3a8f31e764f8e2c23... | Txs=8 | Nonce=12692
[2026-03-14 04:50:05] [VOTE] Election=election_2026 | Candidate=Ahmed Sabry | Hash=c0db00f66fe67dcaa40e70bfb8403e5c...
[2026-03-14 05:38:04] [VOTE] Election=election_2026 | Candidate=Heba Mostafa | Hash=c23432685f9275dae7fd04ed745049bc...
[2026-03-14 06:26:03] [VOTE] Election=election_2026 | Candidate=Ali Mahmoud | Hash=993cce3daf99e8cd3274cc57f19509ea...
[2026-03-14 07:14:02] [VOTE] Election=election_2026 | Candidate=Mahmoud Esmat | Hash=2b7a056c12c3e52522d42a8c396980dd...
[2026-03-14 07:32:05] [CONSENSUS] All nodes in agreement — chain length 19
[2026-03-14 08:02:01] [VOTE] Election=election_2026 | Candidate=Heba Mostafa | Hash=6dfa45f28e481318b28556ee1a51aafd...
[2026-03-14 08:50:00] [VOTE] Election=election_2026 | Candidate=Ahmed Sabry | Hash=96c6d3dfa1cb48cec3f3013f2c72b3b3...
[2026-03-14 09:37:59] [VOTE] Election=election_2026 | Candidate=Mahmoud Esmat | Hash=660fce639837f03e08f809359089a39b...
[2026-03-14 10:25:58] [VOTE] Election=election_2026 | Candidate=Ali Mahmoud | Hash=d1f657a44e403f83a657842c8d60ec51...
[2026-03-14 10:29:08] [CONSENSUS] Chain synced with peers
[2026-03-14 10:29:18] [MINE] Block #18 mined | Hash=000c655feff3b11009200d673e96... | Txs=6 | Nonce=10323
[2026-03-14 11:13:57] [VOTE] Election=election_2026 | Candidate=Mahmoud Esmat | Hash=4a42bd4e624ff298cd9c5a96e30e05fd...
[2026-03-14 12:01:56] [VOTE] Election=election_2026 | Candidate=Heba Mostafa | Hash=f2593d355e14727002c4fcf44edaca28...
[2026-03-14 12:49:55] [VOTE] Election=election_2026 | Candidate=Ahmed Sabry | Hash=e9e6015edd944ac1cc5c98bcca881901...
[2026-03-14 13:37:54] [VOTE] Election=election_2026 | Candidate=Mahmoud Esmat | Hash=c38abbfc568be8a790b0045f35731fee...
[2026-03-14 14:25:53] [VOTE] Election=election_2026 | Candidate=Ali Mahmoud | Hash=0a0f0467ee7bdc91c72dd7b2e5ebd44c...
[2026-03-14 07:33:25] [STARTUP] Blockchain loaded from E:\TestClaude\blockchain-voting\data\blockchain_5000.json (19 blocks)
[2026-03-14 07:33:25] [STARTUP] Loaded 1 election contract(s)
[2026-03-14 07:35:31] [VOTE] Election=election_2026 Candidate=Heba Mostafa Hash=28a40b347c5fb437...
[2026-03-14 07:36:51] [STARTUP] Blockchain loaded from E:\TestClaude\blockchain-voting\data\blockchain_5000.json (19 blocks)
[2026-03-14 07:36:51] [STARTUP] Loaded 1 election contract(s)
[2026-03-14 07:37:31] [VOTE] Election=election_2026 Candidate=Ali Mahmoud Hash=c2153b393cb8d7dc...
